2020-04-29 19:12:11.812 [main] INFO  backend.EbookApplication - Starting EbookApplication on DESKTOP-0ONHHBH with PID 10396 (D:\school\3x\SE343\project\ebook-springboot\target\classes started by 14254 in D:\school\3x\SE343\project\ebook-springboot)
2020-04-29 19:12:11.941 [main] INFO  backend.EbookApplication - No active profile set, falling back to default profiles: default
2020-04-29 19:12:13.455 [main] INFO  o.s.d.r.config.RepositoryConfigurationDelegate - Multiple Spring Data modules found, entering strict repository configuration mode!
2020-04-29 19:12:13.459 [main] INFO  o.s.d.r.config.RepositoryConfigurationDelegate - Bootstrapping Spring Data repositories in DEFAULT mode.
2020-04-29 19:12:13.548 [main] INFO  o.s.d.r.c.RepositoryConfigurationExtensionSupport - Spring Data JPA - Could not safely identify store assignment for repository candidate interface backend.Repository.BookMongoDBRepository.
2020-04-29 19:12:13.592 [main] INFO  o.s.d.r.c.RepositoryConfigurationExtensionSupport - Spring Data JPA - Could not safely identify store assignment for repository candidate interface backend.Repository.PersonRepository.
2020-04-29 19:12:13.648 [main] INFO  o.s.d.r.config.RepositoryConfigurationDelegate - Finished Spring Data repository scanning in 173ms. Found 5 repository interfaces.
2020-04-29 19:12:13.699 [main] INFO  o.s.d.r.config.RepositoryConfigurationDelegate - Multiple Spring Data modules found, entering strict repository configuration mode!
2020-04-29 19:12:13.709 [main] INFO  o.s.d.r.config.RepositoryConfigurationDelegate - Bootstrapping Spring Data repositories in DEFAULT mode.
2020-04-29 19:12:13.746 [main] INFO  o.s.d.r.c.RepositoryConfigurationExtensionSupport - Spring Data MongoDB - Could not safely identify store assignment for repository candidate interface backend.Repository.BookRepository.
2020-04-29 19:12:13.760 [main] INFO  o.s.d.r.c.RepositoryConfigurationExtensionSupport - Spring Data MongoDB - Could not safely identify store assignment for repository candidate interface backend.Repository.CartRepository.
2020-04-29 19:12:13.777 [main] INFO  o.s.d.r.c.RepositoryConfigurationExtensionSupport - Spring Data MongoDB - Could not safely identify store assignment for repository candidate interface backend.Repository.OrderItemRepository.
2020-04-29 19:12:13.795 [main] INFO  o.s.d.r.c.RepositoryConfigurationExtensionSupport - Spring Data MongoDB - Could not safely identify store assignment for repository candidate interface backend.Repository.OrderRepository.
2020-04-29 19:12:13.803 [main] INFO  o.s.d.r.c.RepositoryConfigurationExtensionSupport - Spring Data MongoDB - Could not safely identify store assignment for repository candidate interface backend.Repository.PersonRepository.
2020-04-29 19:12:13.809 [main] INFO  o.s.d.r.c.RepositoryConfigurationExtensionSupport - Spring Data MongoDB - Could not safely identify store assignment for repository candidate interface backend.Repository.UserRepository.
2020-04-29 19:12:13.825 [main] INFO  o.s.d.r.config.RepositoryConfigurationDelegate - Finished Spring Data repository scanning in 110ms. Found 1 repository interfaces.
2020-04-29 19:12:13.847 [main] INFO  o.s.d.r.config.RepositoryConfigurationDelegate - Multiple Spring Data modules found, entering strict repository configuration mode!
2020-04-29 19:12:13.852 [main] INFO  o.s.d.r.config.RepositoryConfigurationDelegate - Bootstrapping Spring Data repositories in DEFAULT mode.
2020-04-29 19:12:13.876 [main] INFO  o.s.d.r.c.RepositoryConfigurationExtensionSupport - Spring Data Neo4j - Could not safely identify store assignment for repository candidate interface backend.Repository.BookMongoDBRepository.
2020-04-29 19:12:13.880 [main] INFO  o.s.d.r.c.RepositoryConfigurationExtensionSupport - Spring Data Neo4j - Could not safely identify store assignment for repository candidate interface backend.Repository.BookRepository.
2020-04-29 19:12:13.884 [main] INFO  o.s.d.r.c.RepositoryConfigurationExtensionSupport - Spring Data Neo4j - Could not safely identify store assignment for repository candidate interface backend.Repository.CartRepository.
2020-04-29 19:12:13.888 [main] INFO  o.s.d.r.c.RepositoryConfigurationExtensionSupport - Spring Data Neo4j - Could not safely identify store assignment for repository candidate interface backend.Repository.OrderItemRepository.
2020-04-29 19:12:13.892 [main] INFO  o.s.d.r.c.RepositoryConfigurationExtensionSupport - Spring Data Neo4j - Could not safely identify store assignment for repository candidate interface backend.Repository.OrderRepository.
2020-04-29 19:12:13.898 [main] INFO  o.s.d.r.c.RepositoryConfigurationExtensionSupport - Spring Data Neo4j - Could not safely identify store assignment for repository candidate interface backend.Repository.UserRepository.
2020-04-29 19:12:13.914 [main] INFO  o.s.d.r.config.RepositoryConfigurationDelegate - Finished Spring Data repository scanning in 53ms. Found 1 repository interfaces.
2020-04-29 19:12:13.939 [main] INFO  o.s.d.r.config.RepositoryConfigurationDelegate - Multiple Spring Data modules found, entering strict repository configuration mode!
2020-04-29 19:12:13.947 [main] INFO  o.s.d.r.config.RepositoryConfigurationDelegate - Bootstrapping Spring Data repositories in DEFAULT mode.
2020-04-29 19:12:13.992 [main] INFO  o.s.d.r.c.RepositoryConfigurationExtensionSupport - Spring Data Redis - Could not safely identify store assignment for repository candidate interface backend.Repository.BookMongoDBRepository.
2020-04-29 19:12:14.003 [main] INFO  o.s.d.r.c.RepositoryConfigurationExtensionSupport - Spring Data Redis - Could not safely identify store assignment for repository candidate interface backend.Repository.BookRepository.
2020-04-29 19:12:14.010 [main] INFO  o.s.d.r.c.RepositoryConfigurationExtensionSupport - Spring Data Redis - Could not safely identify store assignment for repository candidate interface backend.Repository.CartRepository.
2020-04-29 19:12:14.016 [main] INFO  o.s.d.r.c.RepositoryConfigurationExtensionSupport - Spring Data Redis - Could not safely identify store assignment for repository candidate interface backend.Repository.OrderItemRepository.
2020-04-29 19:12:14.024 [main] INFO  o.s.d.r.c.RepositoryConfigurationExtensionSupport - Spring Data Redis - Could not safely identify store assignment for repository candidate interface backend.Repository.OrderRepository.
2020-04-29 19:12:14.031 [main] INFO  o.s.d.r.c.RepositoryConfigurationExtensionSupport - Spring Data Redis - Could not safely identify store assignment for repository candidate interface backend.Repository.PersonRepository.
2020-04-29 19:12:14.036 [main] INFO  o.s.d.r.c.RepositoryConfigurationExtensionSupport - Spring Data Redis - Could not safely identify store assignment for repository candidate interface backend.Repository.UserRepository.
2020-04-29 19:12:14.041 [main] INFO  o.s.d.r.config.RepositoryConfigurationDelegate - Finished Spring Data repository scanning in 70ms. Found 0 repository interfaces.
2020-04-29 19:12:14.126 [main] INFO  o.s.d.r.config.RepositoryConfigurationDelegate - Multiple Spring Data modules found, entering strict repository configuration mode!
2020-04-29 19:12:14.131 [main] INFO  o.s.d.r.config.RepositoryConfigurationDelegate - Bootstrapping Spring Data repositories in DEFAULT mode.
2020-04-29 19:12:14.166 [main] INFO  o.s.d.r.c.RepositoryConfigurationExtensionSupport - Spring Data Solr - Could not safely identify store assignment for repository candidate interface backend.Repository.BookMongoDBRepository.
2020-04-29 19:12:14.175 [main] INFO  o.s.d.r.c.RepositoryConfigurationExtensionSupport - Spring Data Solr - Could not safely identify store assignment for repository candidate interface backend.Repository.BookRepository.
2020-04-29 19:12:14.182 [main] INFO  o.s.d.r.c.RepositoryConfigurationExtensionSupport - Spring Data Solr - Could not safely identify store assignment for repository candidate interface backend.Repository.CartRepository.
2020-04-29 19:12:14.187 [main] INFO  o.s.d.r.c.RepositoryConfigurationExtensionSupport - Spring Data Solr - Could not safely identify store assignment for repository candidate interface backend.Repository.OrderItemRepository.
2020-04-29 19:12:14.195 [main] INFO  o.s.d.r.c.RepositoryConfigurationExtensionSupport - Spring Data Solr - Could not safely identify store assignment for repository candidate interface backend.Repository.OrderRepository.
2020-04-29 19:12:14.201 [main] INFO  o.s.d.r.c.RepositoryConfigurationExtensionSupport - Spring Data Solr - Could not safely identify store assignment for repository candidate interface backend.Repository.PersonRepository.
2020-04-29 19:12:14.210 [main] INFO  o.s.d.r.c.RepositoryConfigurationExtensionSupport - Spring Data Solr - Could not safely identify store assignment for repository candidate interface backend.Repository.UserRepository.
2020-04-29 19:12:14.215 [main] INFO  o.s.d.r.config.RepositoryConfigurationDelegate - Finished Spring Data repository scanning in 68ms. Found 0 repository interfaces.
2020-04-29 19:12:14.895 [main] INFO  o.s.c.s.PostProcessorRegistrationDelegate$BeanPostProcessorChecker - Bean 'org.springframework.kafka.annotation.KafkaBootstrapConfiguration' of type [org.springframework.kafka.annotation.KafkaBootstrapConfiguration$$EnhancerBySpringCGLIB$$b58bcff4] is not eligible for getting processed by all BeanPostProcessors (for example: not eligible for auto-proxying)
2020-04-29 19:12:15.015 [main] INFO  o.s.c.s.PostProcessorRegistrationDelegate$BeanPostProcessorChecker - Bean 'org.springframework.transaction.annotation.ProxyTransactionManagementConfiguration' of type [org.springframework.transaction.annotation.ProxyTransactionManagementConfiguration$$EnhancerBySpringCGLIB$$e1d9be71] is not eligible for getting processed by all BeanPostProcessors (for example: not eligible for auto-proxying)
2020-04-29 19:12:15.067 [main] INFO  o.s.c.s.PostProcessorRegistrationDelegate$BeanPostProcessorChecker - Bean 'redisConfig' of type [backend.config.RedisConfig$$EnhancerBySpringCGLIB$$616271a1] is not eligible for getting processed by all BeanPostProcessors (for example: not eligible for auto-proxying)
2020-04-29 19:12:15.159 [main] INFO  o.s.c.s.PostProcessorRegistrationDelegate$BeanPostProcessorChecker - Bean 'org.springframework.hateoas.config.HateoasConfiguration' of type [org.springframework.hateoas.config.HateoasConfiguration$$EnhancerBySpringCGLIB$$615a0ba3] is not eligible for getting processed by all BeanPostProcessors (for example: not eligible for auto-proxying)
2020-04-29 19:12:16.347 [main] INFO  o.s.boot.web.embedded.tomcat.TomcatWebServer - Tomcat initialized with port(s): 4333 (http)
2020-04-29 19:12:16.431 [main] INFO  org.apache.catalina.core.StandardService - Starting service [Tomcat]
2020-04-29 19:12:16.436 [main] INFO  org.apache.catalina.core.StandardEngine - Starting Servlet engine: [Apache Tomcat/9.0.19]
2020-04-29 19:12:17.049 [main] INFO  o.a.c.core.ContainerBase.[Tomcat].[localhost].[/] - Initializing Spring embedded WebApplicationContext
2020-04-29 19:12:17.059 [main] INFO  org.springframework.web.context.ContextLoader - Root WebApplicationContext: initialization completed in 5058 ms
2020-04-29 19:12:17.891 [main] INFO  com.zaxxer.hikari.HikariDataSource - HikariPool-1 - Starting...
2020-04-29 19:12:18.484 [main] INFO  com.zaxxer.hikari.HikariDataSource - HikariPool-1 - Start completed.
2020-04-29 19:12:18.608 [main] INFO  org.hibernate.jpa.internal.util.LogHelper - HHH000204: Processing PersistenceUnitInfo [
	name: default
	...]
2020-04-29 19:12:18.752 [main] INFO  org.hibernate.Version - HHH000412: Hibernate Core {5.3.10.Final}
2020-04-29 19:12:18.761 [main] INFO  org.hibernate.cfg.Environment - HHH000206: hibernate.properties not found
2020-04-29 19:12:18.939 [main] INFO  org.hibernate.annotations.common.Version - HCANN000001: Hibernate Commons Annotations {5.0.4.Final}
2020-04-29 19:12:19.188 [main] INFO  org.hibernate.dialect.Dialect - HHH000400: Using dialect: org.hibernate.dialect.MySQL5Dialect
2020-04-29 19:12:20.159 [main] INFO  o.s.orm.jpa.LocalContainerEntityManagerFactoryBean - Initialized JPA EntityManagerFactory for persistence unit 'default'
2020-04-29 19:12:24.288 [main] INFO  org.mongodb.driver.cluster - Cluster created with settings {hosts=[localhost:27017], mode=SINGLE, requiredClusterType=UNKNOWN, serverSelectionTimeout='30000 ms', maxWaitQueueSize=500}
2020-04-29 19:12:24.359 [cluster-ClusterId{value='5ea96118ecae79289cae32da', description='null'}-localhost:27017] INFO  org.mongodb.driver.connection - Opened connection [connectionId{localValue:1, serverValue:2}] to localhost:27017
2020-04-29 19:12:24.370 [cluster-ClusterId{value='5ea96118ecae79289cae32da', description='null'}-localhost:27017] INFO  org.mongodb.driver.cluster - Monitor thread successfully connected to server with description ServerDescription{address=localhost:27017, type=STANDALONE, state=CONNECTED, ok=true, version=ServerVersion{versionList=[4, 0, 10]}, minWireVersion=0, maxWireVersion=7, maxDocumentSize=16777216, logicalSessionTimeoutMinutes=30, roundTripTimeNanos=3383500}
2020-04-29 19:12:26.296 [main] INFO  org.neo4j.ogm.metadata.DomainInfo - Starting Post-processing phase
2020-04-29 19:12:26.300 [main] INFO  org.neo4j.ogm.metadata.DomainInfo - Building annotation class map
2020-04-29 19:12:26.303 [main] INFO  org.neo4j.ogm.metadata.DomainInfo - Building interface class map for 92 classes
2020-04-29 19:12:26.326 [main] INFO  org.neo4j.ogm.metadata.DomainInfo - Post-processing complete
2020-04-29 19:12:26.394 [main] INFO  o.s.data.neo4j.mapping.Neo4jMappingContext - No class information found in OGM meta-data for class javax.security.auth.Subject so treating as simple type for SD Commons
2020-04-29 19:12:26.447 [main] INFO  o.s.data.neo4j.mapping.Neo4jMappingContext - No class information found in OGM meta-data for class java.text.SimpleDateFormat so treating as simple type for SD Commons
2020-04-29 19:12:26.466 [main] INFO  o.s.data.neo4j.mapping.Neo4jMappingContext - No class information found in OGM meta-data for class org.springframework.data.redis.core.RedisTemplate so treating as simple type for SD Commons
2020-04-29 19:12:26.522 [main] WARN  o.s.data.neo4j.mapping.Neo4jPersistentProperty - Owning ClassInfo is null for property: org.slf4j.Logger.errorEnabled
2020-04-29 19:12:26.530 [main] WARN  o.s.data.neo4j.mapping.Neo4jPersistentProperty - Owning ClassInfo is null for property: org.slf4j.Logger.name
2020-04-29 19:12:26.535 [main] WARN  o.s.data.neo4j.mapping.Neo4jPersistentProperty - Owning ClassInfo is null for property: org.slf4j.Logger.infoEnabled
2020-04-29 19:12:26.540 [main] WARN  o.s.data.neo4j.mapping.Neo4jPersistentProperty - Owning ClassInfo is null for property: org.slf4j.Logger.debugEnabled
2020-04-29 19:12:26.546 [main] WARN  o.s.data.neo4j.mapping.Neo4jPersistentProperty - Owning ClassInfo is null for property: org.slf4j.Logger.traceEnabled
2020-04-29 19:12:26.551 [main] WARN  o.s.data.neo4j.mapping.Neo4jPersistentProperty - Owning ClassInfo is null for property: org.slf4j.Logger.warnEnabled
2020-04-29 19:12:26.559 [main] INFO  o.s.data.neo4j.mapping.Neo4jMappingContext - No class information found in OGM meta-data for class ch.qos.logback.core.spi.FilterAttachableImpl so treating as simple type for SD Commons
2020-04-29 19:12:26.574 [main] WARN  o.s.data.neo4j.mapping.Neo4jPersistentProperty - Owning ClassInfo is null for property: ch.qos.logback.core.Context.statusManager
2020-04-29 19:12:26.580 [main] WARN  o.s.data.neo4j.mapping.Neo4jPersistentProperty - Owning ClassInfo is null for property: ch.qos.logback.core.Context.copyOfPropertyMap
2020-04-29 19:12:26.587 [main] WARN  o.s.data.neo4j.mapping.Neo4jPersistentProperty - Owning ClassInfo is null for property: ch.qos.logback.core.Context.executorService
2020-04-29 19:12:26.596 [main] WARN  o.s.data.neo4j.mapping.Neo4jPersistentProperty - Owning ClassInfo is null for property: ch.qos.logback.core.Context.name
2020-04-29 19:12:26.607 [main] WARN  o.s.data.neo4j.mapping.Neo4jPersistentProperty - Owning ClassInfo is null for property: ch.qos.logback.core.Context.configurationLock
2020-04-29 19:12:26.613 [main] WARN  o.s.data.neo4j.mapping.Neo4jPersistentProperty - Owning ClassInfo is null for property: ch.qos.logback.core.Context.birthTime
2020-04-29 19:12:26.618 [main] WARN  o.s.data.neo4j.mapping.Neo4jPersistentProperty - Owning ClassInfo is null for property: ch.qos.logback.core.Context.scheduledExecutorService
2020-04-29 19:12:26.644 [main] INFO  o.s.data.neo4j.mapping.Neo4jMappingContext - No class information found in OGM meta-data for class java.util.concurrent.ConcurrentHashMap so treating as simple type for SD Commons
2020-04-29 19:12:26.649 [main] INFO  o.s.data.neo4j.mapping.Neo4jMappingContext - No class information found in OGM meta-data for class java.util.Vector so treating as simple type for SD Commons
2020-04-29 19:12:26.653 [main] INFO  o.s.data.neo4j.mapping.Neo4jMappingContext - No class information found in OGM meta-data for class java.security.ProtectionDomain so treating as simple type for SD Commons
2020-04-29 19:12:26.670 [main] INFO  o.s.data.neo4j.mapping.Neo4jMappingContext - No class information found in OGM meta-data for class org.springframework.kafka.core.KafkaTemplate so treating as simple type for SD Commons
2020-04-29 19:12:26.743 [main] INFO  o.s.data.neo4j.mapping.Neo4jMappingContext - No class information found in OGM meta-data for class org.apache.hadoop.io.Text so treating as simple type for SD Commons
2020-04-29 19:12:26.801 [main] INFO  o.s.data.neo4j.mapping.Neo4jMappingContext - No class information found in OGM meta-data for class org.apache.solr.client.solrj.SolrClient so treating as simple type for SD Commons
2020-04-29 19:12:26.839 [main] INFO  o.s.data.neo4j.mapping.Neo4jMappingContext - No class information found in OGM meta-data for class org.apache.hadoop.io.IntWritable so treating as simple type for SD Commons
2020-04-29 19:12:26.850 [main] INFO  o.s.data.neo4j.mapping.Neo4jMappingContext - Neo4jMappingContext initialisation completed
2020-04-29 19:12:30.345 [main] INFO  o.s.scheduling.concurrent.ThreadPoolTaskExecutor - Initializing ExecutorService 'applicationTaskExecutor'
2020-04-29 19:12:30.426 [main] WARN  o.s.b.a.o.j.JpaBaseConfiguration$JpaWebConfiguration$JpaWebMvcConfiguration - spring.jpa.open-in-view is enabled by default. Therefore, database queries may be performed during view rendering. Explicitly configure spring.jpa.open-in-view to disable this warning
2020-04-29 19:12:30.440 [main] WARN  o.s.b.a.d.n.Neo4jDataAutoConfiguration$Neo4jWebConfiguration$Neo4jWebMvcConfiguration - spring.data.neo4j.open-in-view is enabled by default.Therefore, database queries may be performed during view rendering. Explicitly configure spring.data.neo4j.open-in-view to disable this warning
2020-04-29 19:12:31.493 [main] INFO  org.apache.kafka.clients.consumer.ConsumerConfig - ConsumerConfig values: 
	auto.commit.interval.ms = 1000
	auto.offset.reset = latest
	bootstrap.servers = [127.0.0.1:9092]
	check.crcs = true
	client.id = 
	connections.max.idle.ms = 540000
	default.api.timeout.ms = 60000
	enable.auto.commit = true
	exclude.internal.topics = true
	fetch.max.bytes = 52428800
	fetch.max.wait.ms = 500
	fetch.min.bytes = 1
	group.id = spring
	heartbeat.interval.ms = 3000
	interceptor.classes = []
	internal.leave.group.on.close = true
	isolation.level = read_uncommitted
	key.deserializer = class org.apache.kafka.common.serialization.StringDeserializer
	max.partition.fetch.bytes = 1048576
	max.poll.interval.ms = 300000
	max.poll.records = 500
	metadata.max.age.ms = 300000
	metric.reporters = []
	metrics.num.samples = 2
	metrics.recording.level = INFO
	metrics.sample.window.ms = 30000
	partition.assignment.strategy = [class org.apache.kafka.clients.consumer.RangeAssignor]
	receive.buffer.bytes = 65536
	reconnect.backoff.max.ms = 1000
	reconnect.backoff.ms = 50
	request.timeout.ms = 30000
	retry.backoff.ms = 100
	sasl.client.callback.handler.class = null
	sasl.jaas.config = null
	sasl.kerberos.kinit.cmd = /usr/bin/kinit
	sasl.kerberos.min.time.before.relogin = 60000
	sasl.kerberos.service.name = null
	sasl.kerberos.ticket.renew.jitter = 0.05
	sasl.kerberos.ticket.renew.window.factor = 0.8
	sasl.login.callback.handler.class = null
	sasl.login.class = null
	sasl.login.refresh.buffer.seconds = 300
	sasl.login.refresh.min.period.seconds = 60
	sasl.login.refresh.window.factor = 0.8
	sasl.login.refresh.window.jitter = 0.05
	sasl.mechanism = GSSAPI
	security.protocol = PLAINTEXT
	send.buffer.bytes = 131072
	session.timeout.ms = 10000
	ssl.cipher.suites = null
	ssl.enabled.protocols = [TLSv1.2, TLSv1.1, TLSv1]
	ssl.endpoint.identification.algorithm = https
	ssl.key.password = null
	ssl.keymanager.algorithm = SunX509
	ssl.keystore.location = null
	ssl.keystore.password = null
	ssl.keystore.type = JKS
	ssl.protocol = TLS
	ssl.provider = null
	ssl.secure.random.implementation = null
	ssl.trustmanager.algorithm = PKIX
	ssl.truststore.location = null
	ssl.truststore.password = null
	ssl.truststore.type = JKS
	value.deserializer = class org.apache.kafka.common.serialization.StringDeserializer

2020-04-29 19:12:31.536 [main] INFO  org.apache.kafka.common.utils.AppInfoParser - Kafka version : 2.0.1
2020-04-29 19:12:31.539 [main] INFO  org.apache.kafka.common.utils.AppInfoParser - Kafka commitId : fa14705e51bd2ce5
2020-04-29 19:12:31.661 [main] INFO  org.apache.kafka.clients.Metadata - Cluster ID: Mt936YpBSzqwV86Kj_S69g
2020-04-29 19:12:31.673 [main] INFO  org.apache.kafka.clients.consumer.ConsumerConfig - ConsumerConfig values: 
	auto.commit.interval.ms = 1000
	auto.offset.reset = latest
	bootstrap.servers = [127.0.0.1:9092]
	check.crcs = true
	client.id = 
	connections.max.idle.ms = 540000
	default.api.timeout.ms = 60000
	enable.auto.commit = true
	exclude.internal.topics = true
	fetch.max.bytes = 52428800
	fetch.max.wait.ms = 500
	fetch.min.bytes = 1
	group.id = spring
	heartbeat.interval.ms = 3000
	interceptor.classes = []
	internal.leave.group.on.close = true
	isolation.level = read_uncommitted
	key.deserializer = class org.apache.kafka.common.serialization.StringDeserializer
	max.partition.fetch.bytes = 1048576
	max.poll.interval.ms = 300000
	max.poll.records = 500
	metadata.max.age.ms = 300000
	metric.reporters = []
	metrics.num.samples = 2
	metrics.recording.level = INFO
	metrics.sample.window.ms = 30000
	partition.assignment.strategy = [class org.apache.kafka.clients.consumer.RangeAssignor]
	receive.buffer.bytes = 65536
	reconnect.backoff.max.ms = 1000
	reconnect.backoff.ms = 50
	request.timeout.ms = 30000
	retry.backoff.ms = 100
	sasl.client.callback.handler.class = null
	sasl.jaas.config = null
	sasl.kerberos.kinit.cmd = /usr/bin/kinit
	sasl.kerberos.min.time.before.relogin = 60000
	sasl.kerberos.service.name = null
	sasl.kerberos.ticket.renew.jitter = 0.05
	sasl.kerberos.ticket.renew.window.factor = 0.8
	sasl.login.callback.handler.class = null
	sasl.login.class = null
	sasl.login.refresh.buffer.seconds = 300
	sasl.login.refresh.min.period.seconds = 60
	sasl.login.refresh.window.factor = 0.8
	sasl.login.refresh.window.jitter = 0.05
	sasl.mechanism = GSSAPI
	security.protocol = PLAINTEXT
	send.buffer.bytes = 131072
	session.timeout.ms = 10000
	ssl.cipher.suites = null
	ssl.enabled.protocols = [TLSv1.2, TLSv1.1, TLSv1]
	ssl.endpoint.identification.algorithm = https
	ssl.key.password = null
	ssl.keymanager.algorithm = SunX509
	ssl.keystore.location = null
	ssl.keystore.password = null
	ssl.keystore.type = JKS
	ssl.protocol = TLS
	ssl.provider = null
	ssl.secure.random.implementation = null
	ssl.trustmanager.algorithm = PKIX
	ssl.truststore.location = null
	ssl.truststore.password = null
	ssl.truststore.type = JKS
	value.deserializer = class org.apache.kafka.common.serialization.StringDeserializer

2020-04-29 19:12:31.683 [main] INFO  org.apache.kafka.common.utils.AppInfoParser - Kafka version : 2.0.1
2020-04-29 19:12:31.686 [main] INFO  org.apache.kafka.common.utils.AppInfoParser - Kafka commitId : fa14705e51bd2ce5
2020-04-29 19:12:31.692 [main] INFO  o.s.scheduling.concurrent.ThreadPoolTaskScheduler - Initializing ExecutorService
2020-04-29 19:12:31.701 [main] INFO  org.apache.kafka.clients.consumer.ConsumerConfig - ConsumerConfig values: 
	auto.commit.interval.ms = 1000
	auto.offset.reset = latest
	bootstrap.servers = [127.0.0.1:9092]
	check.crcs = true
	client.id = 
	connections.max.idle.ms = 540000
	default.api.timeout.ms = 60000
	enable.auto.commit = true
	exclude.internal.topics = true
	fetch.max.bytes = 52428800
	fetch.max.wait.ms = 500
	fetch.min.bytes = 1
	group.id = spring
	heartbeat.interval.ms = 3000
	interceptor.classes = []
	internal.leave.group.on.close = true
	isolation.level = read_uncommitted
	key.deserializer = class org.apache.kafka.common.serialization.StringDeserializer
	max.partition.fetch.bytes = 1048576
	max.poll.interval.ms = 300000
	max.poll.records = 500
	metadata.max.age.ms = 300000
	metric.reporters = []
	metrics.num.samples = 2
	metrics.recording.level = INFO
	metrics.sample.window.ms = 30000
	partition.assignment.strategy = [class org.apache.kafka.clients.consumer.RangeAssignor]
	receive.buffer.bytes = 65536
	reconnect.backoff.max.ms = 1000
	reconnect.backoff.ms = 50
	request.timeout.ms = 30000
	retry.backoff.ms = 100
	sasl.client.callback.handler.class = null
	sasl.jaas.config = null
	sasl.kerberos.kinit.cmd = /usr/bin/kinit
	sasl.kerberos.min.time.before.relogin = 60000
	sasl.kerberos.service.name = null
	sasl.kerberos.ticket.renew.jitter = 0.05
	sasl.kerberos.ticket.renew.window.factor = 0.8
	sasl.login.callback.handler.class = null
	sasl.login.class = null
	sasl.login.refresh.buffer.seconds = 300
	sasl.login.refresh.min.period.seconds = 60
	sasl.login.refresh.window.factor = 0.8
	sasl.login.refresh.window.jitter = 0.05
	sasl.mechanism = GSSAPI
	security.protocol = PLAINTEXT
	send.buffer.bytes = 131072
	session.timeout.ms = 10000
	ssl.cipher.suites = null
	ssl.enabled.protocols = [TLSv1.2, TLSv1.1, TLSv1]
	ssl.endpoint.identification.algorithm = https
	ssl.key.password = null
	ssl.keymanager.algorithm = SunX509
	ssl.keystore.location = null
	ssl.keystore.password = null
	ssl.keystore.type = JKS
	ssl.protocol = TLS
	ssl.provider = null
	ssl.secure.random.implementation = null
	ssl.trustmanager.algorithm = PKIX
	ssl.truststore.location = null
	ssl.truststore.password = null
	ssl.truststore.type = JKS
	value.deserializer = class org.apache.kafka.common.serialization.StringDeserializer

2020-04-29 19:12:31.713 [main] INFO  org.apache.kafka.common.utils.AppInfoParser - Kafka version : 2.0.1
2020-04-29 19:12:31.717 [main] INFO  org.apache.kafka.common.utils.AppInfoParser - Kafka commitId : fa14705e51bd2ce5
2020-04-29 19:12:31.728 [main] INFO  o.s.scheduling.concurrent.ThreadPoolTaskScheduler - Initializing ExecutorService
2020-04-29 19:12:31.733 [org.springframework.kafka.KafkaListenerEndpointContainer#0-0-C-1] INFO  org.apache.kafka.clients.Metadata - Cluster ID: Mt936YpBSzqwV86Kj_S69g
2020-04-29 19:12:31.739 [main] INFO  org.apache.kafka.clients.consumer.ConsumerConfig - ConsumerConfig values: 
	auto.commit.interval.ms = 1000
	auto.offset.reset = latest
	bootstrap.servers = [127.0.0.1:9092]
	check.crcs = true
	client.id = 
	connections.max.idle.ms = 540000
	default.api.timeout.ms = 60000
	enable.auto.commit = true
	exclude.internal.topics = true
	fetch.max.bytes = 52428800
	fetch.max.wait.ms = 500
	fetch.min.bytes = 1
	group.id = spring
	heartbeat.interval.ms = 3000
	interceptor.classes = []
	internal.leave.group.on.close = true
	isolation.level = read_uncommitted
	key.deserializer = class org.apache.kafka.common.serialization.StringDeserializer
	max.partition.fetch.bytes = 1048576
	max.poll.interval.ms = 300000
	max.poll.records = 500
	metadata.max.age.ms = 300000
	metric.reporters = []
	metrics.num.samples = 2
	metrics.recording.level = INFO
	metrics.sample.window.ms = 30000
	partition.assignment.strategy = [class org.apache.kafka.clients.consumer.RangeAssignor]
	receive.buffer.bytes = 65536
	reconnect.backoff.max.ms = 1000
	reconnect.backoff.ms = 50
	request.timeout.ms = 30000
	retry.backoff.ms = 100
	sasl.client.callback.handler.class = null
	sasl.jaas.config = null
	sasl.kerberos.kinit.cmd = /usr/bin/kinit
	sasl.kerberos.min.time.before.relogin = 60000
	sasl.kerberos.service.name = null
	sasl.kerberos.ticket.renew.jitter = 0.05
	sasl.kerberos.ticket.renew.window.factor = 0.8
	sasl.login.callback.handler.class = null
	sasl.login.class = null
	sasl.login.refresh.buffer.seconds = 300
	sasl.login.refresh.min.period.seconds = 60
	sasl.login.refresh.window.factor = 0.8
	sasl.login.refresh.window.jitter = 0.05
	sasl.mechanism = GSSAPI
	security.protocol = PLAINTEXT
	send.buffer.bytes = 131072
	session.timeout.ms = 10000
	ssl.cipher.suites = null
	ssl.enabled.protocols = [TLSv1.2, TLSv1.1, TLSv1]
	ssl.endpoint.identification.algorithm = https
	ssl.key.password = null
	ssl.keymanager.algorithm = SunX509
	ssl.keystore.location = null
	ssl.keystore.password = null
	ssl.keystore.type = JKS
	ssl.protocol = TLS
	ssl.provider = null
	ssl.secure.random.implementation = null
	ssl.trustmanager.algorithm = PKIX
	ssl.truststore.location = null
	ssl.truststore.password = null
	ssl.truststore.type = JKS
	value.deserializer = class org.apache.kafka.common.serialization.StringDeserializer

2020-04-29 19:12:31.744 [org.springframework.kafka.KafkaListenerEndpointContainer#0-0-C-1] INFO  o.a.k.c.consumer.internals.AbstractCoordinator - [Consumer clientId=consumer-2, groupId=spring] Discovered group coordinator DESKTOP-0ONHHBH:9092 (id: 2147483647 rack: null)
2020-04-29 19:12:31.756 [org.springframework.kafka.KafkaListenerEndpointContainer#0-0-C-1] INFO  o.a.k.c.consumer.internals.ConsumerCoordinator - [Consumer clientId=consumer-2, groupId=spring] Revoking previously assigned partitions []
2020-04-29 19:12:31.762 [org.springframework.kafka.KafkaListenerEndpointContainer#0-1-C-1] INFO  org.apache.kafka.clients.Metadata - Cluster ID: Mt936YpBSzqwV86Kj_S69g
2020-04-29 19:12:31.785 [org.springframework.kafka.KafkaListenerEndpointContainer#0-1-C-1] INFO  o.a.k.c.consumer.internals.AbstractCoordinator - [Consumer clientId=consumer-3, groupId=spring] Discovered group coordinator DESKTOP-0ONHHBH:9092 (id: 2147483647 rack: null)
2020-04-29 19:12:31.797 [org.springframework.kafka.KafkaListenerEndpointContainer#0-1-C-1] INFO  o.a.k.c.consumer.internals.ConsumerCoordinator - [Consumer clientId=consumer-3, groupId=spring] Revoking previously assigned partitions []
2020-04-29 19:12:31.803 [org.springframework.kafka.KafkaListenerEndpointContainer#0-0-C-1] INFO  o.s.kafka.listener.KafkaMessageListenerContainer - partitions revoked: []
2020-04-29 19:12:31.808 [main] INFO  org.apache.kafka.common.utils.AppInfoParser - Kafka version : 2.0.1
2020-04-29 19:12:31.810 [org.springframework.kafka.KafkaListenerEndpointContainer#0-1-C-1] INFO  o.s.kafka.listener.KafkaMessageListenerContainer - partitions revoked: []
2020-04-29 19:12:31.819 [org.springframework.kafka.KafkaListenerEndpointContainer#0-1-C-1] INFO  o.a.k.c.consumer.internals.AbstractCoordinator - [Consumer clientId=consumer-3, groupId=spring] (Re-)joining group
2020-04-29 19:12:31.824 [main] INFO  org.apache.kafka.common.utils.AppInfoParser - Kafka commitId : fa14705e51bd2ce5
2020-04-29 19:12:31.827 [org.springframework.kafka.KafkaListenerEndpointContainer#0-0-C-1] INFO  o.a.k.c.consumer.internals.AbstractCoordinator - [Consumer clientId=consumer-2, groupId=spring] (Re-)joining group
2020-04-29 19:12:31.832 [main] INFO  o.s.scheduling.concurrent.ThreadPoolTaskScheduler - Initializing ExecutorService
2020-04-29 19:12:31.839 [main] INFO  org.apache.kafka.clients.consumer.ConsumerConfig - ConsumerConfig values: 
	auto.commit.interval.ms = 1000
	auto.offset.reset = latest
	bootstrap.servers = [127.0.0.1:9092]
	check.crcs = true
	client.id = 
	connections.max.idle.ms = 540000
	default.api.timeout.ms = 60000
	enable.auto.commit = true
	exclude.internal.topics = true
	fetch.max.bytes = 52428800
	fetch.max.wait.ms = 500
	fetch.min.bytes = 1
	group.id = spring
	heartbeat.interval.ms = 3000
	interceptor.classes = []
	internal.leave.group.on.close = true
	isolation.level = read_uncommitted
	key.deserializer = class org.apache.kafka.common.serialization.StringDeserializer
	max.partition.fetch.bytes = 1048576
	max.poll.interval.ms = 300000
	max.poll.records = 500
	metadata.max.age.ms = 300000
	metric.reporters = []
	metrics.num.samples = 2
	metrics.recording.level = INFO
	metrics.sample.window.ms = 30000
	partition.assignment.strategy = [class org.apache.kafka.clients.consumer.RangeAssignor]
	receive.buffer.bytes = 65536
	reconnect.backoff.max.ms = 1000
	reconnect.backoff.ms = 50
	request.timeout.ms = 30000
	retry.backoff.ms = 100
	sasl.client.callback.handler.class = null
	sasl.jaas.config = null
	sasl.kerberos.kinit.cmd = /usr/bin/kinit
	sasl.kerberos.min.time.before.relogin = 60000
	sasl.kerberos.service.name = null
	sasl.kerberos.ticket.renew.jitter = 0.05
	sasl.kerberos.ticket.renew.window.factor = 0.8
	sasl.login.callback.handler.class = null
	sasl.login.class = null
	sasl.login.refresh.buffer.seconds = 300
	sasl.login.refresh.min.period.seconds = 60
	sasl.login.refresh.window.factor = 0.8
	sasl.login.refresh.window.jitter = 0.05
	sasl.mechanism = GSSAPI
	security.protocol = PLAINTEXT
	send.buffer.bytes = 131072
	session.timeout.ms = 10000
	ssl.cipher.suites = null
	ssl.enabled.protocols = [TLSv1.2, TLSv1.1, TLSv1]
	ssl.endpoint.identification.algorithm = https
	ssl.key.password = null
	ssl.keymanager.algorithm = SunX509
	ssl.keystore.location = null
	ssl.keystore.password = null
	ssl.keystore.type = JKS
	ssl.protocol = TLS
	ssl.provider = null
	ssl.secure.random.implementation = null
	ssl.trustmanager.algorithm = PKIX
	ssl.truststore.location = null
	ssl.truststore.password = null
	ssl.truststore.type = JKS
	value.deserializer = class org.apache.kafka.common.serialization.StringDeserializer

2020-04-29 19:12:31.850 [org.springframework.kafka.KafkaListenerEndpointContainer#0-2-C-1] INFO  org.apache.kafka.clients.Metadata - Cluster ID: Mt936YpBSzqwV86Kj_S69g
2020-04-29 19:12:31.860 [org.springframework.kafka.KafkaListenerEndpointContainer#0-2-C-1] INFO  o.a.k.c.consumer.internals.AbstractCoordinator - [Consumer clientId=consumer-4, groupId=spring] Discovered group coordinator DESKTOP-0ONHHBH:9092 (id: 2147483647 rack: null)
2020-04-29 19:12:31.863 [org.springframework.kafka.KafkaListenerEndpointContainer#0-0-C-1] INFO  o.a.k.c.consumer.internals.AbstractCoordinator - [Consumer clientId=consumer-2, groupId=spring] Successfully joined group with generation 19
2020-04-29 19:12:31.863 [org.springframework.kafka.KafkaListenerEndpointContainer#0-1-C-1] INFO  o.a.k.c.consumer.internals.AbstractCoordinator - [Consumer clientId=consumer-3, groupId=spring] Successfully joined group with generation 19
2020-04-29 19:12:31.868 [org.springframework.kafka.KafkaListenerEndpointContainer#0-1-C-1] INFO  o.a.k.c.consumer.internals.ConsumerCoordinator - [Consumer clientId=consumer-3, groupId=spring] Setting newly assigned partitions []
2020-04-29 19:12:31.871 [main] INFO  org.apache.kafka.common.utils.AppInfoParser - Kafka version : 2.0.1
2020-04-29 19:12:31.872 [org.springframework.kafka.KafkaListenerEndpointContainer#0-0-C-1] INFO  o.a.k.c.consumer.internals.ConsumerCoordinator - [Consumer clientId=consumer-2, groupId=spring] Setting newly assigned partitions [ebook-order-0]
2020-04-29 19:12:31.875 [org.springframework.kafka.KafkaListenerEndpointContainer#0-2-C-1] INFO  o.a.k.c.consumer.internals.ConsumerCoordinator - [Consumer clientId=consumer-4, groupId=spring] Revoking previously assigned partitions []
2020-04-29 19:12:31.880 [main] INFO  org.apache.kafka.common.utils.AppInfoParser - Kafka commitId : fa14705e51bd2ce5
2020-04-29 19:12:31.882 [org.springframework.kafka.KafkaListenerEndpointContainer#0-0-C-1] INFO  o.s.kafka.listener.KafkaMessageListenerContainer - partitions assigned: [ebook-order-0]
2020-04-29 19:12:31.883 [org.springframework.kafka.KafkaListenerEndpointContainer#0-1-C-1] INFO  o.s.kafka.listener.KafkaMessageListenerContainer - partitions assigned: []
2020-04-29 19:12:31.889 [main] INFO  o.s.scheduling.concurrent.ThreadPoolTaskScheduler - Initializing ExecutorService
2020-04-29 19:12:31.899 [org.springframework.kafka.KafkaListenerEndpointContainer#0-2-C-1] INFO  o.s.kafka.listener.KafkaMessageListenerContainer - partitions revoked: []
2020-04-29 19:12:31.913 [org.springframework.kafka.KafkaListenerEndpointContainer#0-2-C-1] INFO  o.a.k.c.consumer.internals.AbstractCoordinator - [Consumer clientId=consumer-4, groupId=spring] (Re-)joining group
2020-04-29 19:12:31.938 [main] INFO  org.apache.kafka.clients.consumer.ConsumerConfig - ConsumerConfig values: 
	auto.commit.interval.ms = 1000
	auto.offset.reset = latest
	bootstrap.servers = [127.0.0.1:9092]
	check.crcs = true
	client.id = 
	connections.max.idle.ms = 540000
	default.api.timeout.ms = 60000
	enable.auto.commit = true
	exclude.internal.topics = true
	fetch.max.bytes = 52428800
	fetch.max.wait.ms = 500
	fetch.min.bytes = 1
	group.id = spring
	heartbeat.interval.ms = 3000
	interceptor.classes = []
	internal.leave.group.on.close = true
	isolation.level = read_uncommitted
	key.deserializer = class org.apache.kafka.common.serialization.StringDeserializer
	max.partition.fetch.bytes = 1048576
	max.poll.interval.ms = 300000
	max.poll.records = 500
	metadata.max.age.ms = 300000
	metric.reporters = []
	metrics.num.samples = 2
	metrics.recording.level = INFO
	metrics.sample.window.ms = 30000
	partition.assignment.strategy = [class org.apache.kafka.clients.consumer.RangeAssignor]
	receive.buffer.bytes = 65536
	reconnect.backoff.max.ms = 1000
	reconnect.backoff.ms = 50
	request.timeout.ms = 30000
	retry.backoff.ms = 100
	sasl.client.callback.handler.class = null
	sasl.jaas.config = null
	sasl.kerberos.kinit.cmd = /usr/bin/kinit
	sasl.kerberos.min.time.before.relogin = 60000
	sasl.kerberos.service.name = null
	sasl.kerberos.ticket.renew.jitter = 0.05
	sasl.kerberos.ticket.renew.window.factor = 0.8
	sasl.login.callback.handler.class = null
	sasl.login.class = null
	sasl.login.refresh.buffer.seconds = 300
	sasl.login.refresh.min.period.seconds = 60
	sasl.login.refresh.window.factor = 0.8
	sasl.login.refresh.window.jitter = 0.05
	sasl.mechanism = GSSAPI
	security.protocol = PLAINTEXT
	send.buffer.bytes = 131072
	session.timeout.ms = 10000
	ssl.cipher.suites = null
	ssl.enabled.protocols = [TLSv1.2, TLSv1.1, TLSv1]
	ssl.endpoint.identification.algorithm = https
	ssl.key.password = null
	ssl.keymanager.algorithm = SunX509
	ssl.keystore.location = null
	ssl.keystore.password = null
	ssl.keystore.type = JKS
	ssl.protocol = TLS
	ssl.provider = null
	ssl.secure.random.implementation = null
	ssl.trustmanager.algorithm = PKIX
	ssl.truststore.location = null
	ssl.truststore.password = null
	ssl.truststore.type = JKS
	value.deserializer = class org.apache.kafka.common.serialization.StringDeserializer

2020-04-29 19:12:31.951 [main] INFO  org.apache.kafka.common.utils.AppInfoParser - Kafka version : 2.0.1
2020-04-29 19:12:31.957 [main] INFO  org.apache.kafka.common.utils.AppInfoParser - Kafka commitId : fa14705e51bd2ce5
2020-04-29 19:12:31.964 [org.springframework.kafka.KafkaListenerEndpointContainer#0-3-C-1] INFO  org.apache.kafka.clients.Metadata - Cluster ID: Mt936YpBSzqwV86Kj_S69g
2020-04-29 19:12:31.965 [main] INFO  o.s.scheduling.concurrent.ThreadPoolTaskScheduler - Initializing ExecutorService
2020-04-29 19:12:31.968 [org.springframework.kafka.KafkaListenerEndpointContainer#0-3-C-1] INFO  o.a.k.c.consumer.internals.AbstractCoordinator - [Consumer clientId=consumer-5, groupId=spring] Discovered group coordinator DESKTOP-0ONHHBH:9092 (id: 2147483647 rack: null)
2020-04-29 19:12:31.992 [org.springframework.kafka.KafkaListenerEndpointContainer#0-3-C-1] INFO  o.a.k.c.consumer.internals.ConsumerCoordinator - [Consumer clientId=consumer-5, groupId=spring] Revoking previously assigned partitions []
2020-04-29 19:12:31.997 [org.springframework.kafka.KafkaListenerEndpointContainer#0-3-C-1] INFO  o.s.kafka.listener.KafkaMessageListenerContainer - partitions revoked: []
2020-04-29 19:12:32.001 [org.springframework.kafka.KafkaListenerEndpointContainer#0-3-C-1] INFO  o.a.k.c.consumer.internals.AbstractCoordinator - [Consumer clientId=consumer-5, groupId=spring] (Re-)joining group
2020-04-29 19:12:32.037 [org.springframework.kafka.KafkaListenerEndpointContainer#0-4-C-1] INFO  org.apache.kafka.clients.Metadata - Cluster ID: Mt936YpBSzqwV86Kj_S69g
2020-04-29 19:12:32.048 [org.springframework.kafka.KafkaListenerEndpointContainer#0-4-C-1] INFO  o.a.k.c.consumer.internals.AbstractCoordinator - [Consumer clientId=consumer-6, groupId=spring] Discovered group coordinator DESKTOP-0ONHHBH:9092 (id: 2147483647 rack: null)
2020-04-29 19:12:32.052 [org.springframework.kafka.KafkaListenerEndpointContainer#0-4-C-1] INFO  o.a.k.c.consumer.internals.ConsumerCoordinator - [Consumer clientId=consumer-6, groupId=spring] Revoking previously assigned partitions []
2020-04-29 19:12:32.057 [org.springframework.kafka.KafkaListenerEndpointContainer#0-4-C-1] INFO  o.s.kafka.listener.KafkaMessageListenerContainer - partitions revoked: []
2020-04-29 19:12:32.062 [org.springframework.kafka.KafkaListenerEndpointContainer#0-4-C-1] INFO  o.a.k.c.consumer.internals.AbstractCoordinator - [Consumer clientId=consumer-6, groupId=spring] (Re-)joining group
2020-04-29 19:12:32.067 [main] INFO  o.s.boot.web.embedded.tomcat.TomcatWebServer - Tomcat started on port(s): 4333 (http) with context path ''
2020-04-29 19:12:32.077 [main] INFO  backend.EbookApplication - Started EbookApplication in 79.326 seconds (JVM running for 84.465)
2020-04-29 19:12:34.870 [org.springframework.kafka.KafkaListenerEndpointContainer#0-1-C-1] INFO  o.a.k.c.consumer.internals.AbstractCoordinator - [Consumer clientId=consumer-3, groupId=spring] Attempt to heartbeat failed since group is rebalancing
2020-04-29 19:12:34.872 [org.springframework.kafka.KafkaListenerEndpointContainer#0-0-C-1] INFO  o.a.k.c.consumer.internals.AbstractCoordinator - [Consumer clientId=consumer-2, groupId=spring] Attempt to heartbeat failed since group is rebalancing
2020-04-29 19:12:34.873 [org.springframework.kafka.KafkaListenerEndpointContainer#0-1-C-1] INFO  o.a.k.c.consumer.internals.ConsumerCoordinator - [Consumer clientId=consumer-3, groupId=spring] Revoking previously assigned partitions []
2020-04-29 19:12:34.878 [org.springframework.kafka.KafkaListenerEndpointContainer#0-0-C-1] INFO  o.a.k.c.consumer.internals.ConsumerCoordinator - [Consumer clientId=consumer-2, groupId=spring] Revoking previously assigned partitions [ebook-order-0]
2020-04-29 19:12:34.879 [org.springframework.kafka.KafkaListenerEndpointContainer#0-1-C-1] INFO  o.s.kafka.listener.KafkaMessageListenerContainer - partitions revoked: []
2020-04-29 19:12:34.882 [org.springframework.kafka.KafkaListenerEndpointContainer#0-0-C-1] INFO  o.s.kafka.listener.KafkaMessageListenerContainer - partitions revoked: [ebook-order-0]
2020-04-29 19:12:34.885 [org.springframework.kafka.KafkaListenerEndpointContainer#0-1-C-1] INFO  o.a.k.c.consumer.internals.AbstractCoordinator - [Consumer clientId=consumer-3, groupId=spring] (Re-)joining group
2020-04-29 19:12:34.888 [org.springframework.kafka.KafkaListenerEndpointContainer#0-0-C-1] INFO  o.a.k.c.consumer.internals.AbstractCoordinator - [Consumer clientId=consumer-2, groupId=spring] (Re-)joining group
2020-04-29 19:12:34.900 [org.springframework.kafka.KafkaListenerEndpointContainer#0-0-C-1] INFO  o.a.k.c.consumer.internals.AbstractCoordinator - [Consumer clientId=consumer-2, groupId=spring] Successfully joined group with generation 20
2020-04-29 19:12:34.900 [org.springframework.kafka.KafkaListenerEndpointContainer#0-1-C-1] INFO  o.a.k.c.consumer.internals.AbstractCoordinator - [Consumer clientId=consumer-3, groupId=spring] Successfully joined group with generation 20
2020-04-29 19:12:34.900 [org.springframework.kafka.KafkaListenerEndpointContainer#0-2-C-1] INFO  o.a.k.c.consumer.internals.AbstractCoordinator - [Consumer clientId=consumer-4, groupId=spring] Successfully joined group with generation 20
2020-04-29 19:12:34.901 [org.springframework.kafka.KafkaListenerEndpointContainer#0-4-C-1] INFO  o.a.k.c.consumer.internals.AbstractCoordinator - [Consumer clientId=consumer-6, groupId=spring] Successfully joined group with generation 20
2020-04-29 19:12:34.901 [org.springframework.kafka.KafkaListenerEndpointContainer#0-3-C-1] INFO  o.a.k.c.consumer.internals.AbstractCoordinator - [Consumer clientId=consumer-5, groupId=spring] Successfully joined group with generation 20
2020-04-29 19:12:34.903 [org.springframework.kafka.KafkaListenerEndpointContainer#0-0-C-1] INFO  o.a.k.c.consumer.internals.ConsumerCoordinator - [Consumer clientId=consumer-2, groupId=spring] Setting newly assigned partitions [ebook-order-0]
2020-04-29 19:12:34.906 [org.springframework.kafka.KafkaListenerEndpointContainer#0-3-C-1] INFO  o.a.k.c.consumer.internals.ConsumerCoordinator - [Consumer clientId=consumer-5, groupId=spring] Setting newly assigned partitions []
2020-04-29 19:12:34.910 [org.springframework.kafka.KafkaListenerEndpointContainer#0-4-C-1] INFO  o.a.k.c.consumer.internals.ConsumerCoordinator - [Consumer clientId=consumer-6, groupId=spring] Setting newly assigned partitions []
2020-04-29 19:12:34.913 [org.springframework.kafka.KafkaListenerEndpointContainer#0-2-C-1] INFO  o.a.k.c.consumer.internals.ConsumerCoordinator - [Consumer clientId=consumer-4, groupId=spring] Setting newly assigned partitions []
2020-04-29 19:12:34.916 [org.springframework.kafka.KafkaListenerEndpointContainer#0-1-C-1] INFO  o.a.k.c.consumer.internals.ConsumerCoordinator - [Consumer clientId=consumer-3, groupId=spring] Setting newly assigned partitions []
2020-04-29 19:12:34.919 [org.springframework.kafka.KafkaListenerEndpointContainer#0-2-C-1] INFO  o.s.kafka.listener.KafkaMessageListenerContainer - partitions assigned: []
2020-04-29 19:12:34.922 [org.springframework.kafka.KafkaListenerEndpointContainer#0-4-C-1] INFO  o.s.kafka.listener.KafkaMessageListenerContainer - partitions assigned: []
2020-04-29 19:12:34.925 [org.springframework.kafka.KafkaListenerEndpointContainer#0-3-C-1] INFO  o.s.kafka.listener.KafkaMessageListenerContainer - partitions assigned: []
2020-04-29 19:12:34.930 [org.springframework.kafka.KafkaListenerEndpointContainer#0-0-C-1] INFO  o.s.kafka.listener.KafkaMessageListenerContainer - partitions assigned: [ebook-order-0]
2020-04-29 19:12:34.940 [org.springframework.kafka.KafkaListenerEndpointContainer#0-1-C-1] INFO  o.s.kafka.listener.KafkaMessageListenerContainer - partitions assigned: []
2020-04-29 19:12:38.548 [ReadOnlyZKClient-127.0.0.1:2183@0x51bde877] INFO  org.apache.zookeeper.ZooKeeper - Session: 0x171c59c5a330006 closed
2020-04-29 19:12:38.548 [ReadOnlyZKClient-127.0.0.1:2183@0x51bde877-EventThread] INFO  org.apache.zookeeper.ClientCnxn - EventThread shut down for session: 0x171c59c5a330006
2020-04-29 19:12:53.359 [http-nio-4333-exec-1] INFO  o.a.c.core.ContainerBase.[Tomcat].[localhost].[/] - Initializing Spring DispatcherServlet 'dispatcherServlet'
2020-04-29 19:12:53.363 [http-nio-4333-exec-1] INFO  org.springframework.web.servlet.DispatcherServlet - Initializing Servlet 'dispatcherServlet'
2020-04-29 19:12:53.431 [http-nio-4333-exec-1] INFO  org.springframework.web.servlet.DispatcherServlet - Completed initialization in 62 ms
2020-04-29 19:12:53.572 [http-nio-4333-exec-1] INFO  o.h.hql.internal.QueryTranslatorFactoryInitiator - HHH000397: Using ASTQueryTranslatorFactory
2020-04-29 19:12:54.098 [http-nio-4333-exec-1] INFO  Driver - Direct driver instance 1155142653 created for server address localhost:7687
2020-04-29 20:08:08.890 [http-nio-4333-exec-10] INFO  org.mongodb.driver.connection - Opened connection [connectionId{localValue:2, serverValue:6}] to localhost:27017
2020-04-29 20:08:08.890 [http-nio-4333-exec-9] INFO  org.mongodb.driver.connection - Opened connection [connectionId{localValue:3, serverValue:4}] to localhost:27017
2020-04-29 20:08:08.890 [http-nio-4333-exec-8] INFO  org.mongodb.driver.connection - Opened connection [connectionId{localValue:5, serverValue:5}] to localhost:27017
2020-04-29 20:08:08.890 [http-nio-4333-exec-2] INFO  org.mongodb.driver.connection - Opened connection [connectionId{localValue:4, serverValue:3}] to localhost:27017
2020-04-29 20:11:13.201 [http-nio-4333-exec-3] INFO  websocket - Connection opened.
2020-04-29 20:11:13.226 [http-nio-4333-exec-3] INFO  websocket - Received: [JoinMessage] 1111
2020-04-29 20:11:13.229 [http-nio-4333-exec-3] INFO  websocket - Received: [JoinMessage] 1111
2020-04-29 20:11:13.235 [http-nio-4333-exec-3] INFO  websocket - Sent: [InfoMessage] 1111 has joined the chat
2020-04-29 20:11:13.239 [http-nio-4333-exec-3] INFO  websocket - Sent: [ChatMessage] Duke-1111-Hi there!!
2020-04-29 20:11:13.243 [http-nio-4333-exec-3] INFO  websocket - Sent: [UsersMessage] [1111]
2020-04-29 20:11:14.809 [http-nio-4333-exec-8] INFO  websocket - Connection closed.
